<?xml version="1.0" encoding="UTF-8"?>
<testsuite name="APIProject.TestSuite 1" tests="2" failures="0" errors="0" time="23.251"><properties><property name="java.specification.version" value="14"/><property name="sun.cpu.isalist" value="amd64"/><property name="sun.jnu.encoding" value="Cp1252"/><property name="java.class.path" value="C:\Users\VivekanandDhotre\Desktop\API Training\apache-maven-3.6.3\bin\..\boot\plexus-classworlds-2.6.0.jar"/><property name="sun.awt.enableExtraMouseButtons" value="true"/><property name="java.vm.vendor" value="Oracle Corporation"/><property name="sun.arch.data.model" value="64"/><property name="user.variant" value=""/><property name="java.vendor.url" value="https://java.oracle.com/"/><property name="user.timezone" value="Asia/Calcutta"/><property name="maven.conf" value="C:\Users\VivekanandDhotre\Desktop\API Training\apache-maven-3.6.3\bin\../conf"/><property name="java.vm.specification.version" value="14"/><property name="os.name" value="Windows 10"/><property name="sun.java.launcher" value="SUN_STANDARD"/><property name="user.country" value="US"/><property name="sun.boot.library.path" value="C:\Program Files\Java\jdk-14.0.2\bin"/><property name="sun.java.command" value="org.codehaus.plexus.classworlds.launcher.Launcher site"/><property name="jdk.debug" value="release"/><property name="maven.home" value="C:\Users\VivekanandDhotre\Desktop\API Training\apache-maven-3.6.3\bin\.."/><property name="sun.cpu.endian" value="little"/><property name="user.home" value="C:\Users\VivekanandDhotre"/><property name="user.language" value="en"/><property name="sun.stderr.encoding" value="cp437"/><property name="java.specification.vendor" value="Oracle Corporation"/><property name="java.version.date" value="2020-07-14"/><property name="java.home" value="C:\Program Files\Java\jdk-14.0.2"/><property name="file.separator" value="\"/><property name="java.vm.compressedOopsMode" value="32-bit"/><property name="line.separator" value="
"/><property name="sun.stdout.encoding" value="cp437"/><property name="java.vm.specification.vendor" value="Oracle Corporation"/><property name="java.specification.name" value="Java Platform API Specification"/><property name="soapui.browser.disabled" value="true"/><property name="user.script" value=""/><property name="sun.management.compiler" value="HotSpot 64-Bit Tiered Compilers"/><property name="java.runtime.version" value="14.0.2+12-46"/><property name="user.name" value="VivekanandDhotre"/><property name="path.separator" value=";"/><property name="os.version" value="10.0"/><property name="java.runtime.name" value="Java(TM) SE Runtime Environment"/><property name="file.encoding" value="Cp1252"/><property name="guice.disable.misplaced.annotation.check" value="true"/><property name="java.vm.name" value="Java HotSpot(TM) 64-Bit Server VM"/><property name="java.vendor.url.bug" value="https://bugreport.java.com/bugreport/"/><property name="java.io.tmpdir" value="C:\Users\VIVEKA~1\AppData\Local\Temp\"/><property name="java.version" value="14.0.2"/><property name="user.dir" value="C:\Users\VivekanandDhotre\Desktop\API Training\my-app"/><property name="os.arch" value="amd64"/><property name="maven.multiModuleProjectDirectory" value="C:\Users\VivekanandDhotre\Desktop\API Training\my-app"/><property name="java.vm.specification.name" value="Java Virtual Machine Specification"/><property name="sun.os.patch.level" value=""/><property name="java.library.path" value="C:\Program Files\Java\jdk-14.0.2\bin;C:\WINDOWS\Sun\Java\bin;C:\WINDOWS\system32;C:\WINDOWS;C:\Program Files (x86)\Common Files\Oracle\Java\javapath;C:\WINDOWS\system32;C:\WINDOWS;C:\WINDOWS\System32\Wbem;C:\WINDOWS\System32\WindowsPowerShell\v1.0\;C:\WINDOWS\System32\OpenSSH\;C:\Program Files\Java\jdk-14.0.2\bin;C:\Users\VivekanandDhotre\Desktop\API Training\apache-maven-3.6.3\bin;C:\Users\VivekanandDhotre\AppData\Local\Microsoft\WindowsApps;;."/><property name="java.vm.info" value="mixed mode, sharing"/><property name="java.vendor" value="Oracle Corporation"/><property name="java.vm.version" value="14.0.2+12-46"/><property name="classworlds.conf" value="C:\Users\VivekanandDhotre\Desktop\API Training\apache-maven-3.6.3\bin\..\bin\m2.conf"/><property name="sun.io.unicode.encoding" value="UnicodeLittle"/><property name="library.jansi.path" value="C:\Users\VivekanandDhotre\Desktop\API Training\apache-maven-3.6.3\bin\..\lib\jansi-native"/><property name="java.class.version" value="58.0"/></properties><testcase name="E2E_PropertyAndPropertyTransfer" time="13.662"/><testcase name="E2E_PropertyAndPropertyExpansion" time="9.589"/></testsuite>